# JRE version: OpenJDK Runtime Environment (17.0.11) (build 17.0.11+0--11852314)
# Java VM: OpenJDK 64-Bit Server VM (17.0.11+0--11852314, mixed mode, tiered, compressed oops, compressed class ptrs, g1 gc, windows-amd64)
GC Precious Log:
 CPUs: 12 total, 12 available
 Memory: 16232M
 Large Page Support: Disabled
 NUMA Support: Disabled
 Compressed Oops: Enabled (Zero based)
 Heap Region Size: 2M
 Heap Min Capacity: 8M
 Heap Initial Capacity: 254M
 Heap Max Capacity: 4060M
 Pre-touch: Disabled
 Parallel Workers: 10
 Concurrent Workers: 3
 Concurrent Refinement Workers: 10
 Periodic GC: Disabled
Heap:
 garbage-first heap   total 182272K, used 78604K [0x0000000702400000, 0x0000000800000000)
  region size 2048K, 5 young (10240K), 3 survivors (6144K)
 Metaspace       used 83354K, committed 83776K, reserved 1179648K
  class space    used 9345K, committed 9536K, reserved 1048576K
GC Heap History (20 events):
Event: 1.979 GC heap before
{Heap before GC invocations=7 (full 0):
 garbage-first heap   total 43008K, used 23732K [0x0000000702400000, 0x0000000800000000)
  region size 2048K, 5 young (10240K), 1 survivors (2048K)
 Metaspace       used 35719K, committed 35968K, reserved 1114112K
  class space    used 4538K, committed 4672K, reserved 1048576K
}
Event: 1.982 GC heap after
{Heap after GC invocations=8 (full 0):
 garbage-first heap   total 43008K, used 18498K [0x0000000702400000, 0x0000000800000000)
  region size 2048K, 1 young (2048K), 1 survivors (2048K)
 Metaspace       used 35719K, committed 35968K, reserved 1114112K
  class space    used 4538K, committed 4672K, reserved 1048576K
}
Event: 2.114 GC heap before
{Heap before GC invocations=9 (full 0):
 garbage-first heap   total 43008K, used 28738K [0x0000000702400000, 0x0000000800000000)
  region size 2048K, 6 young (12288K), 1 survivors (2048K)
 Metaspace       used 37493K, committed 37760K, reserved 1114112K
  class space    used 4732K, committed 4864K, reserved 1048576K
}
Event: 2.116 GC heap after
{Heap after GC invocations=10 (full 0):
 garbage-first heap   total 151552K, used 19920K [0x0000000702400000, 0x0000000800000000)
  region size 2048K, 1 young (2048K), 1 survivors (2048K)
 Metaspace       used 37493K, committed 37760K, reserved 1114112K
  class space    used 4732K, committed 4864K, reserved 1048576K
}
Event: 3.269 GC heap before
{Heap before GC invocations=10 (full 0):
 garbage-first heap   total 151552K, used 99792K [0x0000000702400000, 0x0000000800000000)
  region size 2048K, 39 young (79872K), 1 survivors (2048K)
 Metaspace       used 51580K, committed 51840K, reserved 1114112K
  class space    used 6239K, committed 6336K, reserved 1048576K
}
Event: 3.280 GC heap after
{Heap after GC invocations=11 (full 0):
 garbage-first heap   total 151552K, used 30452K [0x0000000702400000, 0x0000000800000000)
  region size 2048K, 5 young (10240K), 5 survivors (10240K)
 Metaspace       used 51580K, committed 51840K, reserved 1114112K
  class space    used 6239K, committed 6336K, reserved 1048576K
}
Event: 4.220 GC heap before
{Heap before GC invocations=11 (full 0):
 garbage-first heap   total 151552K, used 102132K [0x0000000702400000, 0x0000000800000000)
  region size 2048K, 40 young (81920K), 5 survivors (10240K)
 Metaspace       used 54040K, committed 54272K, reserved 1114112K
  class space    used 6381K, committed 6464K, reserved 1048576K
}
Event: 4.234 GC heap after
{Heap after GC invocations=12 (full 0):
 garbage-first heap   total 151552K, used 40089K [0x0000000702400000, 0x0000000800000000)
  region size 2048K, 5 young (10240K), 5 survivors (10240K)
 Metaspace       used 54040K, committed 54272K, reserved 1114112K
  class space    used 6381K, committed 6464K, reserved 1048576K
}
Event: 5.309 GC heap before
{Heap before GC invocations=12 (full 0):
 garbage-first heap   total 151552K, used 107673K [0x0000000702400000, 0x0000000800000000)
  region size 2048K, 38 young (77824K), 5 survivors (10240K)
 Metaspace       used 59958K, committed 60160K, reserved 1114112K
  class space    used 7055K, committed 7168K, reserved 1048576K
}
Event: 5.325 GC heap after
{Heap after GC invocations=13 (full 0):
 garbage-first heap   total 151552K, used 48013K [0x0000000702400000, 0x0000000800000000)
  region size 2048K, 4 young (8192K), 4 survivors (8192K)
 Metaspace       used 59958K, committed 60160K, reserved 1114112K
  class space    used 7055K, committed 7168K, reserved 1048576K
}
Event: 5.325 GC heap before
{Heap before GC invocations=13 (full 0):
 garbage-first heap   total 151552K, used 48013K [0x0000000702400000, 0x0000000800000000)
  region size 2048K, 5 young (10240K), 4 survivors (8192K)
 Metaspace       used 59959K, committed 60160K, reserved 1114112K
  class space    used 7055K, committed 7168K, reserved 1048576K
}
Event: 5.332 GC heap after
{Heap after GC invocations=14 (full 0):
 garbage-first heap   total 151552K, used 49175K [0x0000000702400000, 0x0000000800000000)
  region size 2048K, 1 young (2048K), 1 survivors (2048K)
 Metaspace       used 59959K, committed 60160K, reserved 1114112K
  class space    used 7055K, committed 7168K, reserved 1048576K
}
Event: 7.024 GC heap before
{Heap before GC invocations=15 (full 0):
 garbage-first heap   total 151552K, used 114711K [0x0000000702400000, 0x0000000800000000)
  region size 2048K, 33 young (67584K), 1 survivors (2048K)
 Metaspace       used 64236K, committed 64512K, reserved 1114112K
  class space    used 7395K, committed 7552K, reserved 1048576K
}
Event: 7.034 GC heap after
{Heap after GC invocations=16 (full 0):
 garbage-first heap   total 151552K, used 54700K [0x0000000702400000, 0x0000000800000000)
  region size 2048K, 4 young (8192K), 4 survivors (8192K)
 Metaspace       used 64236K, committed 64512K, reserved 1114112K
  class space    used 7395K, committed 7552K, reserved 1048576K
}
Event: 8.037 GC heap before
{Heap before GC invocations=16 (full 0):
 garbage-first heap   total 151552K, used 114092K [0x0000000702400000, 0x0000000800000000)
  region size 2048K, 33 young (67584K), 4 survivors (8192K)
 Metaspace       used 72143K, committed 72448K, reserved 1114112K
  class space    used 8245K, committed 8384K, reserved 1048576K
}
Event: 8.050 GC heap after
{Heap after GC invocations=17 (full 0):
 garbage-first heap   total 151552K, used 62099K [0x0000000702400000, 0x0000000800000000)
  region size 2048K, 4 young (8192K), 4 survivors (8192K)
 Metaspace       used 72143K, committed 72448K, reserved 1114112K
  class space    used 8245K, committed 8384K, reserved 1048576K
}
Event: 8.812 GC heap before
{Heap before GC invocations=17 (full 0):
 garbage-first heap   total 151552K, used 115347K [0x0000000702400000, 0x0000000800000000)
  region size 2048K, 30 young (61440K), 4 survivors (8192K)
 Metaspace       used 75735K, committed 76160K, reserved 1179648K
  class space    used 8630K, committed 8832K, reserved 1048576K
}
Event: 8.828 GC heap after
{Heap after GC invocations=18 (full 0):
 garbage-first heap   total 182272K, used 70751K [0x0000000702400000, 0x0000000800000000)
  region size 2048K, 4 young (8192K), 4 survivors (8192K)
 Metaspace       used 75735K, committed 76160K, reserved 1179648K
  class space    used 8630K, committed 8832K, reserved 1048576K
}
Event: 9.672 GC heap before
{Heap before GC invocations=18 (full 0):
 garbage-first heap   total 182272K, used 138335K [0x0000000702400000, 0x0000000800000000)
  region size 2048K, 37 young (75776K), 4 survivors (8192K)
 Metaspace       used 83223K, committed 83584K, reserved 1179648K
  class space    used 9343K, committed 9536K, reserved 1048576K
}
Event: 9.682 GC heap after
{Heap after GC invocations=19 (full 0):
 garbage-first heap   total 182272K, used 76556K [0x0000000702400000, 0x0000000800000000)
  region size 2048K, 3 young (6144K), 3 survivors (6144K)
 Metaspace       used 83223K, committed 83584K, reserved 1179648K
  class space    used 9343K, committed 9536K, reserved 1048576K
}

